[Info  - 10:30:02 PM] (1018398) Pylance language server 2023.2.30 (pyright dec6aa20) starting
[Info  - 10:30:02 PM] (1018398) Server root directory: /home/sweet/.vscode-oss/extensions/ms-python.vscode-pylance-2023.2.30/dist
[Info  - 10:30:02 PM] (1018398) Starting service instance "asura-bash"
[Info  - 10:30:02 PM] (1018398) Starting service instance "<default>"
[Info  - 10:30:02 PM] (1018398) No configuration file found.
[Info  - 10:30:02 PM] (1018398) No pyproject.toml file found.
[Info  - 10:30:02 PM] (1018398) Setting pythonPath for service "asura-bash": "/bin/python"
[Warn  - 10:30:02 PM] (1018398) stubPath /home/sweet/src/asura-bash/typings is not a valid directory.
[Info  - 10:30:02 PM] (1018398) Assuming Python version 3.10
[Info  - 10:30:02 PM] (1018398) Assuming Python platform Linux
[Info  - 10:30:02 PM] (1018398) Searching for source files
[Info  - 10:30:02 PM] (1018398) Found 1 source file
[Info  - 10:30:02 PM] (1018398) No pyproject.toml file found.
[Info  - 10:30:02 PM] (1018398) Setting pythonPath for service "<default>": "/bin/python"
[Warn  - 10:30:02 PM] (1018398) stubPath typings is not a valid directory.
[Info  - 10:30:02 PM] (1018398) Assuming Python version 3.10
[Info  - 10:30:02 PM] (1018398) Assuming Python platform Linux
[Info  - 10:30:02 PM] (1018398) Searching for source files
[Info  - 10:30:02 PM] (1018398) No source files found.
[Info  - 10:30:03 PM] (1018398) Background analysis(1) root directory: /home/sweet/.vscode-oss/extensions/ms-python.vscode-pylance-2023.2.30/dist
[Info  - 10:30:03 PM] (1018398) Background analysis(1) started
[Info  - 10:30:03 PM] (1018398) Background analysis(2) root directory: /home/sweet/.vscode-oss/extensions/ms-python.vscode-pylance-2023.2.30/dist
[Info  - 10:30:03 PM] (1018398) Background analysis(2) started
