2023-02-18 22:23:20.289 [info] Added views:workbench.panel.markers.view in workbench.panel.markers
2023-02-18 22:23:20.289 [info] Added views:workbench.panel.output in workbench.panel.output
2023-02-18 22:23:20.289 [info] Added views:terminal in terminal
2023-02-18 22:23:20.289 [info] Added views:outline in workbench.view.explorer
2023-02-18 22:23:20.289 [info] Added views:workbench.scm in workbench.view.scm
2023-02-18 22:23:20.289 [info] Added views:workbench.view.search in workbench.view.search
2023-02-18 22:23:20.289 [info] Added views:timeline in workbench.view.explorer
2023-02-18 22:23:20.289 [info] Added views:workbench.explorer.emptyView in workbench.view.explorer
2023-02-18 22:23:20.520 [info] Added views:workbench.debug.variablesView,workbench.debug.watchExpressionsView,workbench.debug.callStackView,workbench.debug.breakPointsView in workbench.view.debug
2023-02-18 22:23:20.625 [info] Added views:cell-tag in workbench.view.extension.jupyter
2023-02-18 22:23:20.815 [info] Added views:workbench.panel.repl.view in workbench.panel.repl
2023-02-18 22:23:20.817 [info] Removed views:workbench.debug.breakPointsView,workbench.debug.callStackView,workbench.debug.watchExpressionsView,workbench.debug.variablesView from workbench.view.debug
2023-02-18 22:23:20.817 [info] Added views:workbench.debug.welcome in workbench.view.debug
2023-02-18 22:30:01.652 [info] Added views:workbench.panel.markers.view in workbench.panel.markers
2023-02-18 22:30:01.652 [info] Added views:workbench.panel.output in workbench.panel.output
2023-02-18 22:30:01.652 [info] Added views:terminal in terminal
2023-02-18 22:30:01.652 [info] Added views:outline in workbench.view.explorer
2023-02-18 22:30:01.652 [info] Added views:workbench.scm in workbench.view.scm
2023-02-18 22:30:01.652 [info] Added views:workbench.view.search in workbench.view.search
2023-02-18 22:30:01.652 [info] Added views:timeline in workbench.view.explorer
2023-02-18 22:30:01.652 [info] Added views:workbench.explorer.fileView in workbench.view.explorer
2023-02-18 22:30:01.848 [info] Added views:cell-tag in workbench.view.extension.jupyter
2023-02-18 22:30:01.956 [info] Added views:workbench.debug.variablesView,workbench.debug.watchExpressionsView,workbench.debug.callStackView,workbench.debug.breakPointsView in workbench.view.debug
2023-02-18 22:30:02.017 [info] Added views:workbench.panel.repl.view in workbench.panel.repl
2023-02-18 22:30:02.018 [info] Removed views:workbench.debug.breakPointsView,workbench.debug.callStackView,workbench.debug.watchExpressionsView,workbench.debug.variablesView from workbench.view.debug
2023-02-18 22:30:02.018 [info] Added views:workbench.debug.welcome in workbench.view.debug
2023-02-18 22:30:02.199 [info] Added views:workbench.view.testing in workbench.view.extension.test
2023-02-18 22:30:06.077 [info] Removed views:workbench.view.testing from workbench.view.extension.test
