[Info  - 10:30:15 PM] (1018808) Pylance language server 2023.2.30 (pyright dec6aa20) starting
[Info  - 10:30:15 PM] (1018808) Server root directory: /home/sweet/.vscode-oss/extensions/ms-python.vscode-pylance-2023.2.30/dist
[Info  - 10:30:15 PM] (1018808) Starting service instance "asura-bash"
[Info  - 10:30:15 PM] (1018808) Starting service instance "<default>"
[Info  - 10:30:15 PM] (1018808) No configuration file found.
[Info  - 10:30:15 PM] (1018808) No pyproject.toml file found.
[Info  - 10:30:15 PM] (1018808) Setting pythonPath for service "asura-bash": "/bin/python"
[Warn  - 10:30:15 PM] (1018808) stubPath /home/sweet/src/asura-bash/typings is not a valid directory.
[Info  - 10:30:15 PM] (1018808) Assuming Python version 3.10
[Info  - 10:30:15 PM] (1018808) Assuming Python platform Linux
[Info  - 10:30:15 PM] (1018808) Searching for source files
[Info  - 10:30:15 PM] (1018808) Found 1 source file
[Info  - 10:30:15 PM] (1018808) No pyproject.toml file found.
[Info  - 10:30:15 PM] (1018808) Setting pythonPath for service "<default>": "/bin/python"
[Warn  - 10:30:15 PM] (1018808) stubPath typings is not a valid directory.
[Info  - 10:30:15 PM] (1018808) Assuming Python version 3.10
[Info  - 10:30:15 PM] (1018808) Assuming Python platform Linux
[Info  - 10:30:15 PM] (1018808) Searching for source files
[Info  - 10:30:15 PM] (1018808) No source files found.
[Info  - 10:30:16 PM] (1018808) Background analysis(1) root directory: /home/sweet/.vscode-oss/extensions/ms-python.vscode-pylance-2023.2.30/dist
[Info  - 10:30:16 PM] (1018808) Background analysis(1) started
[Info  - 10:30:16 PM] (1018808) Background analysis(2) root directory: /home/sweet/.vscode-oss/extensions/ms-python.vscode-pylance-2023.2.30/dist
[Info  - 10:30:16 PM] (1018808) Background analysis(2) started
